{ level: 'info',
  message: 'mongodb://localhost:27017/contentwebsite',
  timestamp: '2019-11-29T18:42:02.635Z' }
{ level: 'info',
  message: 'Listening on port 3000',
  timestamp: '2019-11-29T18:42:02.669Z' }
{ level: 'info',
  message:
   'Connected to database: mongodb://localhost:27017/contentwebsite',
  timestamp: '2019-11-29T18:42:03.697Z' }
{ level: 'info',
  message: 'mongodb://localhost:27017/contentwebsite',
  timestamp: '2019-11-29T18:46:05.247Z' }
{ level: 'info',
  message: 'Listening on port 3000',
  timestamp: '2019-11-29T18:46:05.289Z' }
{ level: 'info',
  message:
   'Connected to database: mongodb://localhost:27017/contentwebsite',
  timestamp: '2019-11-29T18:46:06.312Z' }
{ level: 'info',
  message: 'mongodb://localhost:27017/contentwebsite',
  timestamp: '2019-11-29T18:48:40.179Z' }
{ level: 'info',
  message: 'Listening on port 3000',
  timestamp: '2019-11-29T18:48:40.205Z' }
{ level: 'info',
  message:
   'Connected to database: mongodb://localhost:27017/contentwebsite',
  timestamp: '2019-11-29T18:48:41.225Z' }
{ level: 'info',
  message: 'mongodb://localhost:27017/contentwebsite',
  timestamp: '2019-11-29T18:49:27.373Z' }
{ level: 'info',
  message: 'Listening on port 3000',
  timestamp: '2019-11-29T18:49:27.422Z' }
{ level: 'info',
  message:
   'Connected to database: mongodb://localhost:27017/contentwebsite',
  timestamp: '2019-11-29T18:49:28.442Z' }
{ level: 'info',
  message: 'mongodb://localhost:27017/contentwebsite',
  timestamp: '2019-11-29T18:53:19.305Z' }
{ level: 'info',
  message: 'Listening on port 3000',
  timestamp: '2019-11-29T18:53:19.333Z' }
{ level: 'info',
  message:
   'Connected to database: mongodb://localhost:27017/contentwebsite',
  timestamp: '2019-11-29T18:53:20.352Z' }
{ level: 'info',
  message: 'mongodb://localhost:27017/contentwebsite',
  timestamp: '2019-11-29T18:56:51.547Z' }
{ level: 'info',
  message: 'Listening on port 3000',
  timestamp: '2019-11-29T18:56:51.582Z' }
{ level: 'info',
  message:
   'Connected to database: mongodb://localhost:27017/contentwebsite',
  timestamp: '2019-11-29T18:56:52.600Z' }
{ level: 'info',
  message: 'mongodb://localhost:27017/contentwebsite',
  timestamp: '2019-11-29T18:56:59.069Z' }
{ level: 'info',
  message: 'Listening on port 3000',
  timestamp: '2019-11-29T18:56:59.100Z' }
{ level: 'info',
  message:
   'Connected to database: mongodb://localhost:27017/contentwebsite',
  timestamp: '2019-11-29T18:57:00.125Z' }
{ level: 'info',
  message: 'mongodb://localhost:27017/contentwebsite',
  timestamp: '2019-11-29T18:59:29.909Z' }
{ level: 'info',
  message: 'Listening on port 3000',
  timestamp: '2019-11-29T18:59:29.959Z' }
{ level: 'info',
  message:
   'Connected to database: mongodb://localhost:27017/contentwebsite',
  timestamp: '2019-11-29T18:59:31.332Z' }
