{ level: 'info',
  message: 'findSections',
  timestamp: '2019-11-30T06:38:48.106Z' }
{ level: 'info',
  message: 'findSections',
  timestamp: '2019-11-30T06:38:49.666Z' }
{ level: 'info',
  message: 'findSections',
  timestamp: '2019-11-30T06:43:26.833Z' }
{ level: 'info',
  message: 'findSections',
  timestamp: '2019-11-30T06:44:26.622Z' }
{ level: 'info',
  message: 'findSections',
  timestamp: '2019-11-30T06:44:28.971Z' }
{ level: 'info',
  message: 'findSections',
  timestamp: '2019-11-30T06:47:44.188Z' }
{ level: 'info',
  message: 'Listening on port 3000',
  timestamp: '2019-11-30T06:50:17.219Z' }
{ level: 'info',
  message:
   'Connected to database: mongodb://localhost:27017/contentwebsite',
  timestamp: '2019-11-30T06:50:18.252Z' }
{ level: 'info',
  message: 'findSections',
  timestamp: '2019-11-30T06:52:20.738Z' }
{ level: 'info',
  message: 'findSections',
  timestamp: '2019-11-30T06:53:18.845Z' }
{ level: 'info',
  message: 'Listening on port 3000',
  timestamp: '2019-11-30T06:57:25.265Z' }
{ level: 'info',
  message:
   'Connected to database: mongodb://localhost:27017/contentwebsite',
  timestamp: '2019-11-30T06:57:26.292Z' }
{ level: 'info',
  message: 'findSections',
  timestamp: '2019-11-30T06:58:22.721Z' }
